<?xml version="1.0" encoding="UTF-8"?>
<!-- Generated by org.testng.reporters.JUnitReportReporter -->
<testsuite hostname="LAPTOP-NQME5MUI" failures="0" tests="3" name="Google_Test.NewTest" time="7.150" errors="0" timestamp="2021-10-16T14:27:29 IST" skipped="0">
  <testcase classname="Google_Test.NewTest" name="launch2" time="7.145"/>
  <system-out/>
  <testcase classname="Google_Test.NewTest" name="launch" time="0.003"/>
  <system-out/>
  <testcase classname="Google_Test.NewTest" name="googlelaunch" time="0.002"/>
  <system-out/>
</testsuite> <!-- Google_Test.NewTest -->
