<?xml version="1.0" encoding="UTF-8"?>
<!-- Generated by org.testng.reporters.JUnitReportReporter -->
<testsuite hostname="LAPTOP-NQME5MUI" failures="0" tests="2" name="Google_Test.google" time="10.747" errors="0" timestamp="2021-10-16T14:27:29 IST" skipped="0">
  <testcase classname="Google_Test.google" name="testsuccess" time="2.759"/>
  <system-out/>
  <testcase classname="Google_Test.google" name="test" time="7.988"/>
  <system-out/>
</testsuite> <!-- Google_Test.google -->
