<?xml version="1.0" encoding="UTF-8"?>
<!-- Generated by org.testng.reporters.JUnitReportReporter -->
<testsuite hostname="LAPTOP-NQME5MUI" failures="0" tests="2" name="Google_Page.FirstPage" time="11.196" errors="0" timestamp="2021-10-15T14:49:48 IST" skipped="0">
  <testcase classname="Google_Page.FirstPage" name="testsuccess" time="4.726"/>
  <system-out/>
  <testcase classname="Google_Page.FirstPage" name="test" time="6.470"/>
  <system-out/>
</testsuite> <!-- Google_Page.FirstPage -->
