<?xml version="1.0" encoding="UTF-8"?>
<!-- Generated by org.testng.reporters.JUnitReportReporter -->
<testsuite hostname="LAPTOP-NQME5MUI" failures="0" tests="1" name="Google_Page.FirstPage" time="3.409" errors="0" timestamp="2021-10-14T18:47:00 IST" skipped="0">
  <testcase classname="Google_Page.FirstPage" name="test" time="3.409"/>
  <system-out/>
</testsuite> <!-- Google_Page.FirstPage -->
