<?xml version="1.0" encoding="UTF-8"?>
<!-- Generated by org.testng.reporters.JUnitReportReporter -->
<testsuite hostname="LAPTOP-NQME5MUI" failures="0" tests="1" name="Google_Test.otherTest" time="0.001" errors="0" timestamp="2021-10-16T16:27:45 IST" skipped="0">
  <testcase classname="Google_Test.otherTest" name="CheckTest" time="0.001"/>
  <system-out/>
</testsuite> <!-- Google_Test.otherTest -->
