<?xml version="1.0" encoding="UTF-8"?>
<!-- Generated by org.testng.reporters.JUnitReportReporter -->
<testsuite hostname="LAPTOP-NQME5MUI" failures="0" tests="2" name="Google_Test.NewTest" time="8.759" errors="0" timestamp="2021-10-17T22:16:35 IST" skipped="0">
  <testcase classname="Google_Test.NewTest" name="launchwebsite" time="3.486"/>
  <system-out/>
  <testcase classname="Google_Test.NewTest" name="womenstab" time="5.273"/>
  <system-out/>
</testsuite> <!-- Google_Test.NewTest -->
