<?xml version="1.0" encoding="UTF-8"?>
<!-- Generated by org.testng.reporters.JUnitReportReporter -->
<testsuite hostname="LAPTOP-NQME5MUI" failures="0" tests="1" name="Google_Test.NewTest" time="0.014" errors="0" timestamp="2021-10-14T20:40:13 IST" skipped="0">
  <testcase classname="Google_Test.NewTest" name="googlelaunch" time="0.014"/>
  <system-out/>
</testsuite> <!-- Google_Test.NewTest -->
