<?xml version="1.0" encoding="UTF-8"?>
<!-- Generated by org.testng.reporters.JUnitReportReporter -->
<testsuite hostname="LAPTOP-NQME5MUI" failures="0" tests="1" name="Google_Test.other_test" time="0.003" errors="0" timestamp="2021-10-16T14:27:29 IST" skipped="0">
  <testcase classname="Google_Test.other_test" name="CheckTest" time="0.003"/>
  <system-out/>
</testsuite> <!-- Google_Test.other_test -->
