<?xml version="1.0" encoding="UTF-8"?>
<!-- Generated by org.testng.reporters.JUnitReportReporter -->
<testsuite hostname="LAPTOP-NQME5MUI" failures="0" tests="1" name="Google_Test.googleTest" time="3.348" errors="0" timestamp="2021-10-16T20:34:46 IST" skipped="0">
  <testcase classname="Google_Test.googleTest" name="launchwebsite" time="3.348"/>
  <system-out/>
</testsuite> <!-- Google_Test.googleTest -->
