<?xml version="1.0" encoding="UTF-8"?>
<!-- Generated by org.testng.reporters.JUnitReportReporter -->
<testsuite hostname="LAPTOP-NQME5MUI" failures="0" tests="2" name="Google_Page.FirstPage" time="9.690" errors="0" timestamp="2021-10-16T12:20:06 IST" skipped="0">
  <testcase classname="Google_Page.FirstPage" name="testsuccess" time="4.106"/>
  <system-out/>
  <testcase classname="Google_Page.FirstPage" name="test" time="5.584"/>
  <system-out/>
</testsuite> <!-- Google_Page.FirstPage -->
